0 info it worked if it ends with ok
1 verbose cli [ '/home/ubuntu/.nvm/versions/node/v4.4.3/bin/node',
1 verbose cli   '/home/ubuntu/.nvm/versions/node/v4.4.3/bin/npm',
1 verbose cli   'start' ]
2 info using npm@2.15.1
3 info using node@v4.4.3
4 verbose run-script [ 'prestart', 'start', 'poststart' ]
5 info prestart gpio-editor@0.0.0
6 info start gpio-editor@0.0.0
7 verbose unsafe-perm in lifecycle true
8 info gpio-editor@0.0.0 Failed to exec start script
9 verbose stack Error: gpio-editor@0.0.0 start: `node ./bin/www`
9 verbose stack Exit status 1
9 verbose stack     at EventEmitter.<anonymous> (/home/ubuntu/.nvm/versions/node/v4.4.3/lib/node_modules/npm/lib/utils/lifecycle.js:217:16)
9 verbose stack     at emitTwo (events.js:87:13)
9 verbose stack     at EventEmitter.emit (events.js:172:7)
9 verbose stack     at ChildProcess.<anonymous> (/home/ubuntu/.nvm/versions/node/v4.4.3/lib/node_modules/npm/lib/utils/spawn.js:24:14)
9 verbose stack     at emitTwo (events.js:87:13)
9 verbose stack     at ChildProcess.emit (events.js:172:7)
9 verbose stack     at maybeClose (internal/child_process.js:827:16)
9 verbose stack     at Process.ChildProcess._handle.onexit (internal/child_process.js:211:5)
10 verbose pkgid gpio-editor@0.0.0
11 verbose cwd /home/ubuntu/workspace/gpio-editor
12 error Linux 4.2.0-c9
13 error argv "/home/ubuntu/.nvm/versions/node/v4.4.3/bin/node" "/home/ubuntu/.nvm/versions/node/v4.4.3/bin/npm" "start"
14 error node v4.4.3
15 error npm  v2.15.1
16 error code ELIFECYCLE
17 error gpio-editor@0.0.0 start: `node ./bin/www`
17 error Exit status 1
18 error Failed at the gpio-editor@0.0.0 start script 'node ./bin/www'.
18 error This is most likely a problem with the gpio-editor package,
18 error not with npm itself.
18 error Tell the author that this fails on your system:
18 error     node ./bin/www
18 error You can get information on how to open an issue for this project with:
18 error     npm bugs gpio-editor
18 error Or if that isn't available, you can get their info via:
18 error
18 error     npm owner ls gpio-editor
18 error There is likely additional logging output above.
19 verbose exit [ 1, true ]
